2025-08-08 09:22:12,329 - INFO - USD/ILS Currency Monitor started
2025-08-08 09:22:12,472 - INFO - Telegram message sent successfully
2025-08-08 09:22:13,014 - INFO - Got rate 3.42 from https://api.exchangerate-api.com/v4/latest/USD
2025-08-08 09:22:13,015 - INFO - Current USD/ILS rate: 3.42
2025-08-08 09:22:13,134 - INFO - Telegram message sent successfully
2025-08-08 09:22:13,135 - INFO - Alert sent - new reference rate set to 3.42
2025-08-08 09:22:13,135 - INFO - Alert sent for rate change
2025-08-08 10:22:13,680 - INFO - Got rate 3.42 from https://api.exchangerate-api.com/v4/latest/USD
2025-08-08 10:22:13,686 - INFO - Current USD/ILS rate: 3.42
2025-08-08 11:22:14,238 - INFO - Got rate 3.42 from https://api.exchangerate-api.com/v4/latest/USD
2025-08-08 11:22:14,255 - INFO - Current USD/ILS rate: 3.42
2025-08-08 12:22:14,961 - INFO - Got rate 3.42 from https://api.exchangerate-api.com/v4/latest/USD
2025-08-08 12:22:14,968 - INFO - Current USD/ILS rate: 3.42
2025-08-08 13:22:14,971 - INFO - Outside trading hours, sleeping...
2025-08-08 14:22:14,979 - INFO - Outside trading hours, sleeping...
2025-08-08 15:22:14,985 - INFO - Outside trading hours, sleeping...
2025-08-08 16:22:14,990 - INFO - Outside trading hours, sleeping...
2025-08-08 17:22:14,995 - INFO - Outside trading hours, sleeping...
2025-08-08 18:22:15,009 - INFO - Outside trading hours, sleeping...
2025-08-08 19:22:15,021 - INFO - Outside trading hours, sleeping...
2025-08-08 20:22:15,031 - INFO - Outside trading hours, sleeping...
2025-08-08 21:22:15,044 - INFO - Outside trading hours, sleeping...
2025-08-08 22:22:15,051 - INFO - Outside trading hours, sleeping...
2025-08-08 23:22:15,059 - INFO - Outside trading hours, sleeping...
2025-08-09 00:22:15,066 - INFO - Outside trading hours, sleeping...
2025-08-09 01:22:15,073 - INFO - Outside trading hours, sleeping...
2025-08-09 02:22:15,085 - INFO - Outside trading hours, sleeping...
2025-08-09 03:22:15,097 - INFO - Outside trading hours, sleeping...
2025-08-09 04:22:15,104 - INFO - Outside trading hours, sleeping...
2025-08-09 05:22:15,113 - INFO - Outside trading hours, sleeping...
2025-08-09 06:22:15,118 - INFO - Outside trading hours, sleeping...
2025-08-09 07:22:15,123 - INFO - Outside trading hours, sleeping...
2025-08-09 08:22:15,126 - INFO - Outside trading hours, sleeping...
2025-08-09 09:22:15,134 - INFO - Outside trading hours, sleeping...
2025-08-09 10:22:15,139 - INFO - Outside trading hours, sleeping...
2025-08-09 11:22:15,147 - INFO - Outside trading hours, sleeping...
2025-08-09 12:22:15,153 - INFO - Outside trading hours, sleeping...
2025-08-09 13:22:15,160 - INFO - Outside trading hours, sleeping...
2025-08-09 14:22:15,166 - INFO - Outside trading hours, sleeping...
2025-08-09 15:22:15,171 - INFO - Outside trading hours, sleeping...
2025-08-09 16:22:15,181 - INFO - Outside trading hours, sleeping...
2025-08-09 17:22:15,187 - INFO - Outside trading hours, sleeping...
2025-08-09 18:22:15,194 - INFO - Outside trading hours, sleeping...
2025-08-09 19:22:15,206 - INFO - Outside trading hours, sleeping...
2025-08-09 20:22:15,212 - INFO - Outside trading hours, sleeping...
2025-08-09 21:22:15,223 - INFO - Outside trading hours, sleeping...
2025-08-09 22:22:15,232 - INFO - Outside trading hours, sleeping...
2025-08-09 23:22:15,240 - INFO - Outside trading hours, sleeping...
2025-08-10 00:22:15,247 - INFO - Outside trading hours, sleeping...
2025-08-10 01:22:15,261 - INFO - Outside trading hours, sleeping...
2025-08-10 02:22:15,300 - INFO - Outside trading hours, sleeping...
2025-08-10 03:22:15,310 - INFO - Outside trading hours, sleeping...
2025-08-10 04:22:15,321 - INFO - Outside trading hours, sleeping...
2025-08-10 05:22:15,328 - INFO - Outside trading hours, sleeping...
2025-08-10 06:22:15,340 - INFO - Outside trading hours, sleeping...
2025-08-10 07:22:15,346 - INFO - Outside trading hours, sleeping...
2025-08-10 08:22:15,354 - INFO - Outside trading hours, sleeping...
2025-08-10 09:22:15,360 - INFO - Outside trading hours, sleeping...
2025-08-10 10:22:15,367 - INFO - Outside trading hours, sleeping...
2025-08-10 11:22:15,376 - INFO - Outside trading hours, sleeping...
2025-08-10 12:22:15,388 - INFO - Outside trading hours, sleeping...
2025-08-10 13:22:15,396 - INFO - Outside trading hours, sleeping...
2025-08-10 14:22:15,404 - INFO - Outside trading hours, sleeping...
2025-08-10 15:22:15,414 - INFO - Outside trading hours, sleeping...
2025-08-10 16:22:15,420 - INFO - Outside trading hours, sleeping...
2025-08-10 17:22:15,430 - INFO - Outside trading hours, sleeping...
2025-08-10 18:22:15,440 - INFO - Outside trading hours, sleeping...
2025-08-10 19:22:15,451 - INFO - Outside trading hours, sleeping...
2025-08-10 20:22:15,459 - INFO - Outside trading hours, sleeping...
2025-08-10 21:22:15,468 - INFO - Outside trading hours, sleeping...
2025-08-10 22:22:15,476 - INFO - Outside trading hours, sleeping...
2025-08-10 23:22:15,484 - INFO - Outside trading hours, sleeping...
2025-08-11 00:22:15,494 - INFO - Outside trading hours, sleeping...
2025-08-11 01:22:15,504 - INFO - Outside trading hours, sleeping...
2025-08-11 02:22:15,522 - INFO - Outside trading hours, sleeping...
2025-08-11 03:22:15,530 - INFO - Outside trading hours, sleeping...
2025-08-11 04:22:15,542 - INFO - Outside trading hours, sleeping...
2025-08-11 05:22:15,556 - INFO - Outside trading hours, sleeping...
2025-08-11 06:22:15,567 - INFO - Outside trading hours, sleeping...
2025-08-11 07:22:15,574 - INFO - Outside trading hours, sleeping...
2025-08-11 08:22:15,581 - INFO - Reset daily data for new trading session
2025-08-11 08:22:16,252 - INFO - Got rate 3.42 from https://api.exchangerate-api.com/v4/latest/USD
2025-08-11 08:22:16,257 - INFO - Current USD/ILS rate: 3.42
2025-08-11 08:22:16,257 - INFO - Set daily open rate: 3.42
2025-08-11 09:22:16,812 - INFO - Got rate 3.42 from https://api.exchangerate-api.com/v4/latest/USD
2025-08-11 09:22:16,821 - INFO - Current USD/ILS rate: 3.42
2025-08-11 10:22:17,362 - INFO - Got rate 3.42 from https://api.exchangerate-api.com/v4/latest/USD
2025-08-11 10:22:17,367 - INFO - Current USD/ILS rate: 3.42
2025-08-11 11:22:17,912 - INFO - Got rate 3.42 from https://api.exchangerate-api.com/v4/latest/USD
2025-08-11 11:22:17,922 - INFO - Current USD/ILS rate: 3.42
2025-08-11 12:22:18,458 - INFO - Got rate 3.42 from https://api.exchangerate-api.com/v4/latest/USD
2025-08-11 12:22:18,464 - INFO - Current USD/ILS rate: 3.42
2025-08-11 13:22:19,010 - INFO - Got rate 3.42 from https://api.exchangerate-api.com/v4/latest/USD
2025-08-11 13:22:19,019 - INFO - Current USD/ILS rate: 3.42
2025-08-11 14:22:19,580 - INFO - Got rate 3.42 from https://api.exchangerate-api.com/v4/latest/USD
2025-08-11 14:22:19,587 - INFO - Current USD/ILS rate: 3.42
2025-08-11 15:22:20,125 - INFO - Got rate 3.42 from https://api.exchangerate-api.com/v4/latest/USD
2025-08-11 15:22:20,130 - INFO - Current USD/ILS rate: 3.42
2025-08-11 16:22:25,674 - INFO - Got rate 3.42 from https://api.exchangerate-api.com/v4/latest/USD
2025-08-11 16:22:25,680 - INFO - Current USD/ILS rate: 3.42
2025-08-11 17:22:26,220 - INFO - Got rate 3.42 from https://api.exchangerate-api.com/v4/latest/USD
2025-08-11 17:22:26,228 - INFO - Current USD/ILS rate: 3.42
