2025-08-07 21:40:47,126 - INFO - Generating morning briefing...
2025-08-07 21:40:47,200 - INFO - Generating morning briefing...
2025-08-07 21:40:47,486 - INFO - Morning briefing sent successfully
2025-08-07 21:40:47,488 - INFO - Morning briefing completed successfully
2025-08-07 21:40:47,529 - INFO - Morning briefing sent successfully
2025-08-07 21:40:47,531 - INFO - Morning briefing completed successfully
2025-08-07 21:58:20,406 - INFO - Generating morning briefing...
2025-08-07 21:58:20,986 - ERROR - Failed to get calendar events: could not locate runnable browser
2025-08-07 21:58:21,135 - INFO - Morning briefing sent successfully
2025-08-07 21:58:21,137 - INFO - Morning briefing completed successfully
2025-08-07 22:07:57,635 - INFO - Generating morning briefing...
2025-08-07 22:07:58,147 - INFO - file_cache is only supported with oauth2client<4.0.0
2025-08-07 22:07:58,454 - INFO - Morning briefing sent successfully
2025-08-07 22:07:58,456 - INFO - Morning briefing completed successfully
2025-08-07 22:08:02,991 - INFO - Generating morning briefing...
2025-08-07 22:08:03,415 - INFO - file_cache is only supported with oauth2client<4.0.0
2025-08-07 22:08:03,757 - INFO - Morning briefing sent successfully
2025-08-07 22:08:03,763 - INFO - Morning briefing completed successfully
2025-08-10 06:00:07,395 - INFO - Generating morning briefing...
2025-08-10 06:00:31,992 - INFO - file_cache is only supported with oauth2client<4.0.0
2025-08-10 06:00:32,308 - ERROR - Failed to send Telegram message: 400 Client Error: Bad Request for url: https://api.telegram.org/bot8358234418:AAGolr1H61F3FMaDh1yUm8mnpQ4uqR8RUuw/sendMessage
2025-08-10 06:00:32,310 - ERROR - Failed to send morning briefing
2025-08-10 22:12:10,276 - INFO - Generating morning briefing...
2025-08-10 22:12:11,154 - INFO - file_cache is only supported with oauth2client<4.0.0
2025-08-10 22:12:11,464 - ERROR - Failed to send Telegram message: 400 Client Error: Bad Request for url: https://api.telegram.org/bot8358234418:AAGolr1H61F3FMaDh1yUm8mnpQ4uqR8RUuw/sendMessage
2025-08-10 22:12:11,466 - ERROR - Failed to send morning briefing
2025-08-10 22:12:36,267 - INFO - file_cache is only supported with oauth2client<4.0.0
2025-08-10 22:13:16,209 - INFO - Generating morning briefing...
2025-08-10 22:13:17,165 - INFO - file_cache is only supported with oauth2client<4.0.0
2025-08-10 22:13:17,549 - INFO - Morning briefing sent successfully
2025-08-10 22:13:17,552 - INFO - Morning briefing completed successfully
2025-08-11 06:00:07,618 - INFO - Generating morning briefing...
2025-08-11 06:00:18,432 - ERROR - Failed to get weather: ('Connection aborted.', ConnectionResetError(104, 'Connection reset by peer'))
2025-08-11 06:01:27,168 - INFO - file_cache is only supported with oauth2client<4.0.0
2025-08-11 06:01:27,513 - INFO - Morning briefing sent successfully
2025-08-11 06:01:27,515 - INFO - Morning briefing completed successfully
2025-08-11 10:24:04,064 - INFO - Generating morning briefing...
2025-08-11 10:24:06,253 - INFO - file_cache is only supported with oauth2client<4.0.0
2025-08-11 10:24:06,631 - INFO - Morning briefing sent successfully
2025-08-11 10:24:06,632 - INFO - Morning briefing completed successfully
