2025-08-07 21:10:51,640 - INFO - No data file found, starting fresh
2025-08-07 21:10:51,640 - INFO - USD/ILS Currency Monitor started
2025-08-07 21:10:51,786 - INFO - Telegram message sent successfully
2025-08-07 21:10:51,788 - INFO - Reset daily data for new trading session
2025-08-07 21:10:52,385 - INFO - Got rate 3.44 from https://api.exchangerate-api.com/v4/latest/USD
2025-08-07 21:10:52,387 - INFO - Current USD/ILS rate: 3.44
2025-08-07 21:10:52,388 - INFO - Set daily open rate: 3.44
2025-08-07 21:12:13,381 - INFO - USD/ILS Currency Monitor started
2025-08-07 21:12:13,496 - INFO - Telegram message sent successfully
2025-08-07 21:12:14,089 - INFO - Got rate 3.44 from https://api.exchangerate-api.com/v4/latest/USD
2025-08-07 21:12:14,092 - INFO - Current USD/ILS rate: 3.44
2025-08-07 21:14:14,634 - INFO - USD/ILS Currency Monitor started
2025-08-07 21:14:14,774 - INFO - Telegram message sent successfully
2025-08-07 21:14:15,350 - INFO - Got rate 3.44 from https://api.exchangerate-api.com/v4/latest/USD
2025-08-07 21:14:15,352 - INFO - Current USD/ILS rate: 3.44
2025-08-07 22:14:15,913 - INFO - Got rate 3.44 from https://api.exchangerate-api.com/v4/latest/USD
2025-08-07 22:14:15,917 - INFO - Current USD/ILS rate: 3.44
2025-08-07 23:14:16,483 - INFO - Got rate 3.44 from https://api.exchangerate-api.com/v4/latest/USD
2025-08-07 23:14:16,486 - INFO - Current USD/ILS rate: 3.44
2025-08-08 00:14:17,049 - INFO - Got rate 3.44 from https://api.exchangerate-api.com/v4/latest/USD
2025-08-08 00:14:17,055 - INFO - Current USD/ILS rate: 3.44
2025-08-08 01:14:17,610 - INFO - Got rate 3.44 from https://api.exchangerate-api.com/v4/latest/USD
2025-08-08 01:14:17,619 - INFO - Current USD/ILS rate: 3.44
2025-08-08 02:14:18,257 - INFO - Got rate 3.42 from https://api.exchangerate-api.com/v4/latest/USD
2025-08-08 02:14:18,269 - INFO - Current USD/ILS rate: 3.42
2025-08-08 02:14:28,418 - INFO - Telegram message sent successfully
2025-08-08 02:14:28,420 - INFO - Alert sent for rate change
2025-08-08 03:14:28,982 - INFO - Got rate 3.42 from https://api.exchangerate-api.com/v4/latest/USD
2025-08-08 03:14:28,988 - INFO - Current USD/ILS rate: 3.42
2025-08-08 03:14:39,119 - INFO - Telegram message sent successfully
2025-08-08 03:14:39,121 - INFO - Alert sent for rate change
2025-08-08 04:14:39,708 - INFO - Got rate 3.42 from https://api.exchangerate-api.com/v4/latest/USD
2025-08-08 04:14:39,717 - INFO - Current USD/ILS rate: 3.42
2025-08-08 04:14:49,902 - INFO - Telegram message sent successfully
2025-08-08 04:14:49,907 - INFO - Alert sent for rate change
2025-08-08 05:14:50,456 - INFO - Got rate 3.42 from https://api.exchangerate-api.com/v4/latest/USD
2025-08-08 05:14:50,465 - INFO - Current USD/ILS rate: 3.42
2025-08-08 05:15:00,620 - INFO - Telegram message sent successfully
2025-08-08 05:15:00,631 - INFO - Alert sent for rate change
2025-08-08 06:15:01,195 - INFO - Got rate 3.42 from https://api.exchangerate-api.com/v4/latest/USD
2025-08-08 06:15:01,197 - INFO - Current USD/ILS rate: 3.42
2025-08-08 06:15:01,322 - INFO - Telegram message sent successfully
2025-08-08 06:15:01,324 - INFO - Alert sent for rate change
2025-08-08 07:15:01,880 - INFO - Got rate 3.42 from https://api.exchangerate-api.com/v4/latest/USD
2025-08-08 07:15:01,884 - INFO - Current USD/ILS rate: 3.42
2025-08-08 07:15:12,001 - INFO - Telegram message sent successfully
2025-08-08 07:15:12,003 - INFO - Alert sent for rate change
2025-08-08 08:15:12,606 - INFO - Got rate 3.42 from https://api.exchangerate-api.com/v4/latest/USD
2025-08-08 08:15:12,611 - INFO - Current USD/ILS rate: 3.42
2025-08-08 08:15:22,725 - INFO - Telegram message sent successfully
2025-08-08 08:15:22,727 - INFO - Alert sent for rate change
2025-08-08 09:15:23,288 - INFO - Got rate 3.42 from https://api.exchangerate-api.com/v4/latest/USD
2025-08-08 09:15:23,292 - INFO - Current USD/ILS rate: 3.42
2025-08-08 09:15:33,484 - INFO - Telegram message sent successfully
2025-08-08 09:15:33,486 - INFO - Alert sent for rate change
2025-08-08 09:22:12,329 - INFO - USD/ILS Currency Monitor started
2025-08-08 09:22:12,472 - INFO - Telegram message sent successfully
2025-08-08 09:22:13,014 - INFO - Got rate 3.42 from https://api.exchangerate-api.com/v4/latest/USD
2025-08-08 09:22:13,015 - INFO - Current USD/ILS rate: 3.42
2025-08-08 09:22:13,134 - INFO - Telegram message sent successfully
2025-08-08 09:22:13,135 - INFO - Alert sent - new reference rate set to 3.42
2025-08-08 09:22:13,135 - INFO - Alert sent for rate change
2025-08-08 09:22:33,049 - INFO - USD/ILS Currency Monitor started
2025-08-08 09:22:33,178 - INFO - Telegram message sent successfully
2025-08-08 09:22:33,734 - INFO - Got rate 3.42 from https://api.exchangerate-api.com/v4/latest/USD
2025-08-08 09:22:33,736 - INFO - Current USD/ILS rate: 3.42
2025-08-08 10:22:13,680 - INFO - Got rate 3.42 from https://api.exchangerate-api.com/v4/latest/USD
2025-08-08 10:22:13,686 - INFO - Current USD/ILS rate: 3.42
2025-08-08 10:22:34,271 - INFO - Got rate 3.42 from https://api.exchangerate-api.com/v4/latest/USD
2025-08-08 10:22:34,274 - INFO - Current USD/ILS rate: 3.42
2025-08-08 11:22:14,238 - INFO - Got rate 3.42 from https://api.exchangerate-api.com/v4/latest/USD
2025-08-08 11:22:14,255 - INFO - Current USD/ILS rate: 3.42
2025-08-08 11:22:34,825 - INFO - Got rate 3.42 from https://api.exchangerate-api.com/v4/latest/USD
2025-08-08 11:22:34,828 - INFO - Current USD/ILS rate: 3.42
2025-08-08 12:22:14,961 - INFO - Got rate 3.42 from https://api.exchangerate-api.com/v4/latest/USD
2025-08-08 12:22:14,968 - INFO - Current USD/ILS rate: 3.42
2025-08-08 12:22:35,391 - INFO - Got rate 3.42 from https://api.exchangerate-api.com/v4/latest/USD
2025-08-08 12:22:35,397 - INFO - Current USD/ILS rate: 3.42
2025-08-08 13:22:14,971 - INFO - Outside trading hours, sleeping...
2025-08-08 13:22:35,408 - INFO - Outside trading hours, sleeping...
2025-08-08 14:22:14,979 - INFO - Outside trading hours, sleeping...
2025-08-08 14:22:35,411 - INFO - Outside trading hours, sleeping...
2025-08-08 15:22:14,985 - INFO - Outside trading hours, sleeping...
2025-08-08 15:22:35,414 - INFO - Outside trading hours, sleeping...
2025-08-08 16:22:14,990 - INFO - Outside trading hours, sleeping...
2025-08-08 16:22:35,417 - INFO - Outside trading hours, sleeping...
2025-08-08 17:22:14,995 - INFO - Outside trading hours, sleeping...
2025-08-08 17:22:35,421 - INFO - Outside trading hours, sleeping...
2025-08-08 18:22:15,009 - INFO - Outside trading hours, sleeping...
2025-08-08 18:22:35,423 - INFO - Outside trading hours, sleeping...
2025-08-08 19:22:15,021 - INFO - Outside trading hours, sleeping...
2025-08-08 19:22:35,432 - INFO - Outside trading hours, sleeping...
2025-08-08 20:22:15,031 - INFO - Outside trading hours, sleeping...
2025-08-08 20:22:35,439 - INFO - Outside trading hours, sleeping...
2025-08-08 21:22:15,044 - INFO - Outside trading hours, sleeping...
2025-08-08 21:22:35,442 - INFO - Outside trading hours, sleeping...
2025-08-08 22:22:15,051 - INFO - Outside trading hours, sleeping...
2025-08-08 22:22:35,446 - INFO - Outside trading hours, sleeping...
2025-08-08 23:22:15,059 - INFO - Outside trading hours, sleeping...
2025-08-08 23:22:35,450 - INFO - Outside trading hours, sleeping...
2025-08-09 00:22:15,066 - INFO - Outside trading hours, sleeping...
2025-08-09 00:22:35,453 - INFO - Outside trading hours, sleeping...
2025-08-09 01:22:15,073 - INFO - Outside trading hours, sleeping...
2025-08-09 01:22:35,456 - INFO - Outside trading hours, sleeping...
2025-08-09 02:22:15,085 - INFO - Outside trading hours, sleeping...
2025-08-09 02:22:35,462 - INFO - Outside trading hours, sleeping...
2025-08-09 03:22:15,097 - INFO - Outside trading hours, sleeping...
2025-08-09 03:22:35,471 - INFO - Outside trading hours, sleeping...
2025-08-09 04:22:15,104 - INFO - Outside trading hours, sleeping...
2025-08-09 04:22:35,474 - INFO - Outside trading hours, sleeping...
2025-08-09 05:22:15,113 - INFO - Outside trading hours, sleeping...
2025-08-09 05:22:35,475 - INFO - Outside trading hours, sleeping...
2025-08-09 06:22:15,118 - INFO - Outside trading hours, sleeping...
2025-08-09 06:22:35,478 - INFO - Outside trading hours, sleeping...
2025-08-09 07:22:15,123 - INFO - Outside trading hours, sleeping...
2025-08-09 07:22:35,482 - INFO - Outside trading hours, sleeping...
2025-08-09 08:22:15,126 - INFO - Outside trading hours, sleeping...
2025-08-09 08:22:35,484 - INFO - Outside trading hours, sleeping...
2025-08-09 09:22:15,134 - INFO - Outside trading hours, sleeping...
2025-08-09 09:22:35,486 - INFO - Outside trading hours, sleeping...
2025-08-09 10:22:15,139 - INFO - Outside trading hours, sleeping...
2025-08-09 10:22:35,488 - INFO - Outside trading hours, sleeping...
2025-08-09 11:22:15,147 - INFO - Outside trading hours, sleeping...
2025-08-09 11:22:35,493 - INFO - Outside trading hours, sleeping...
2025-08-09 12:22:15,153 - INFO - Outside trading hours, sleeping...
2025-08-09 12:22:35,496 - INFO - Outside trading hours, sleeping...
2025-08-09 13:22:15,160 - INFO - Outside trading hours, sleeping...
2025-08-09 13:22:35,500 - INFO - Outside trading hours, sleeping...
2025-08-09 14:22:15,166 - INFO - Outside trading hours, sleeping...
2025-08-09 14:22:35,501 - INFO - Outside trading hours, sleeping...
2025-08-09 15:22:15,171 - INFO - Outside trading hours, sleeping...
2025-08-09 15:22:35,504 - INFO - Outside trading hours, sleeping...
2025-08-09 16:22:15,181 - INFO - Outside trading hours, sleeping...
2025-08-09 16:22:35,506 - INFO - Outside trading hours, sleeping...
2025-08-09 17:22:15,187 - INFO - Outside trading hours, sleeping...
2025-08-09 17:22:35,509 - INFO - Outside trading hours, sleeping...
2025-08-09 18:22:15,194 - INFO - Outside trading hours, sleeping...
2025-08-09 18:22:35,512 - INFO - Outside trading hours, sleeping...
2025-08-09 19:22:15,206 - INFO - Outside trading hours, sleeping...
2025-08-09 19:22:35,516 - INFO - Outside trading hours, sleeping...
2025-08-09 20:22:15,212 - INFO - Outside trading hours, sleeping...
2025-08-09 20:22:35,520 - INFO - Outside trading hours, sleeping...
2025-08-09 21:22:15,223 - INFO - Outside trading hours, sleeping...
2025-08-09 21:22:35,523 - INFO - Outside trading hours, sleeping...
2025-08-09 22:22:15,232 - INFO - Outside trading hours, sleeping...
2025-08-09 22:22:35,526 - INFO - Outside trading hours, sleeping...
2025-08-09 23:22:15,240 - INFO - Outside trading hours, sleeping...
2025-08-09 23:22:35,529 - INFO - Outside trading hours, sleeping...
2025-08-10 00:22:15,247 - INFO - Outside trading hours, sleeping...
2025-08-10 00:22:35,532 - INFO - Outside trading hours, sleeping...
2025-08-10 01:22:15,261 - INFO - Outside trading hours, sleeping...
2025-08-10 01:22:35,537 - INFO - Outside trading hours, sleeping...
2025-08-10 02:22:15,300 - INFO - Outside trading hours, sleeping...
2025-08-10 02:22:35,541 - INFO - Outside trading hours, sleeping...
2025-08-10 03:22:15,310 - INFO - Outside trading hours, sleeping...
2025-08-10 03:22:35,544 - INFO - Outside trading hours, sleeping...
2025-08-10 04:22:15,321 - INFO - Outside trading hours, sleeping...
2025-08-10 04:22:35,547 - INFO - Outside trading hours, sleeping...
2025-08-10 05:22:15,328 - INFO - Outside trading hours, sleeping...
2025-08-10 05:22:35,550 - INFO - Outside trading hours, sleeping...
2025-08-10 06:22:15,340 - INFO - Outside trading hours, sleeping...
2025-08-10 06:22:35,555 - INFO - Outside trading hours, sleeping...
2025-08-10 07:22:15,346 - INFO - Outside trading hours, sleeping...
2025-08-10 07:22:35,559 - INFO - Outside trading hours, sleeping...
2025-08-10 08:22:15,354 - INFO - Outside trading hours, sleeping...
2025-08-10 08:22:35,561 - INFO - Outside trading hours, sleeping...
2025-08-10 09:22:15,360 - INFO - Outside trading hours, sleeping...
2025-08-10 09:22:35,566 - INFO - Outside trading hours, sleeping...
2025-08-10 10:22:15,367 - INFO - Outside trading hours, sleeping...
2025-08-10 10:22:35,572 - INFO - Outside trading hours, sleeping...
2025-08-10 11:22:15,376 - INFO - Outside trading hours, sleeping...
2025-08-10 11:22:35,576 - INFO - Outside trading hours, sleeping...
2025-08-10 12:22:15,388 - INFO - Outside trading hours, sleeping...
2025-08-10 12:22:35,580 - INFO - Outside trading hours, sleeping...
2025-08-10 13:22:15,396 - INFO - Outside trading hours, sleeping...
2025-08-10 13:22:35,583 - INFO - Outside trading hours, sleeping...
2025-08-10 14:22:15,404 - INFO - Outside trading hours, sleeping...
2025-08-10 14:22:35,585 - INFO - Outside trading hours, sleeping...
2025-08-10 15:22:15,414 - INFO - Outside trading hours, sleeping...
2025-08-10 15:22:35,588 - INFO - Outside trading hours, sleeping...
2025-08-10 16:22:15,420 - INFO - Outside trading hours, sleeping...
2025-08-10 16:22:35,591 - INFO - Outside trading hours, sleeping...
2025-08-10 17:22:15,430 - INFO - Outside trading hours, sleeping...
2025-08-10 17:22:35,594 - INFO - Outside trading hours, sleeping...
2025-08-10 18:22:15,440 - INFO - Outside trading hours, sleeping...
2025-08-10 18:22:35,598 - INFO - Outside trading hours, sleeping...
2025-08-10 19:22:15,451 - INFO - Outside trading hours, sleeping...
2025-08-10 19:22:35,601 - INFO - Outside trading hours, sleeping...
2025-08-10 20:22:15,459 - INFO - Outside trading hours, sleeping...
2025-08-10 20:22:35,604 - INFO - Outside trading hours, sleeping...
2025-08-10 21:22:15,468 - INFO - Outside trading hours, sleeping...
2025-08-10 21:22:35,607 - INFO - Outside trading hours, sleeping...
2025-08-10 22:22:15,476 - INFO - Outside trading hours, sleeping...
2025-08-10 22:22:35,609 - INFO - Outside trading hours, sleeping...
2025-08-10 23:22:15,484 - INFO - Outside trading hours, sleeping...
2025-08-10 23:22:35,612 - INFO - Outside trading hours, sleeping...
2025-08-11 00:22:15,494 - INFO - Outside trading hours, sleeping...
2025-08-11 00:22:35,615 - INFO - Outside trading hours, sleeping...
2025-08-11 01:22:15,504 - INFO - Outside trading hours, sleeping...
2025-08-11 01:22:35,620 - INFO - Outside trading hours, sleeping...
2025-08-11 02:22:15,522 - INFO - Outside trading hours, sleeping...
2025-08-11 02:22:35,623 - INFO - Outside trading hours, sleeping...
2025-08-11 03:22:15,530 - INFO - Outside trading hours, sleeping...
2025-08-11 03:22:35,628 - INFO - Outside trading hours, sleeping...
2025-08-11 04:22:15,542 - INFO - Outside trading hours, sleeping...
2025-08-11 04:22:35,633 - INFO - Outside trading hours, sleeping...
2025-08-11 05:22:15,556 - INFO - Outside trading hours, sleeping...
2025-08-11 05:22:35,636 - INFO - Outside trading hours, sleeping...
2025-08-11 06:22:15,567 - INFO - Outside trading hours, sleeping...
2025-08-11 06:22:35,638 - INFO - Outside trading hours, sleeping...
2025-08-11 07:22:15,574 - INFO - Outside trading hours, sleeping...
2025-08-11 07:22:35,641 - INFO - Outside trading hours, sleeping...
2025-08-11 08:22:15,581 - INFO - Reset daily data for new trading session
2025-08-11 08:22:16,252 - INFO - Got rate 3.42 from https://api.exchangerate-api.com/v4/latest/USD
2025-08-11 08:22:16,257 - INFO - Current USD/ILS rate: 3.42
2025-08-11 08:22:16,257 - INFO - Set daily open rate: 3.42
2025-08-11 08:22:35,644 - INFO - Reset daily data for new trading session
2025-08-11 08:22:36,316 - INFO - Got rate 3.42 from https://api.exchangerate-api.com/v4/latest/USD
2025-08-11 08:22:36,319 - INFO - Current USD/ILS rate: 3.42
2025-08-11 08:22:36,320 - INFO - Set daily open rate: 3.42
2025-08-11 09:22:16,812 - INFO - Got rate 3.42 from https://api.exchangerate-api.com/v4/latest/USD
2025-08-11 09:22:16,821 - INFO - Current USD/ILS rate: 3.42
2025-08-11 09:22:36,868 - INFO - Got rate 3.42 from https://api.exchangerate-api.com/v4/latest/USD
2025-08-11 09:22:36,871 - INFO - Current USD/ILS rate: 3.42
2025-08-11 10:22:17,362 - INFO - Got rate 3.42 from https://api.exchangerate-api.com/v4/latest/USD
2025-08-11 10:22:17,367 - INFO - Current USD/ILS rate: 3.42
2025-08-11 10:22:37,403 - INFO - Got rate 3.42 from https://api.exchangerate-api.com/v4/latest/USD
2025-08-11 10:22:37,405 - INFO - Current USD/ILS rate: 3.42
2025-08-11 11:22:17,912 - INFO - Got rate 3.42 from https://api.exchangerate-api.com/v4/latest/USD
2025-08-11 11:22:17,922 - INFO - Current USD/ILS rate: 3.42
2025-08-11 11:22:37,950 - INFO - Got rate 3.42 from https://api.exchangerate-api.com/v4/latest/USD
2025-08-11 11:22:37,952 - INFO - Current USD/ILS rate: 3.42
2025-08-11 12:22:18,458 - INFO - Got rate 3.42 from https://api.exchangerate-api.com/v4/latest/USD
2025-08-11 12:22:18,464 - INFO - Current USD/ILS rate: 3.42
2025-08-11 12:22:38,489 - INFO - Got rate 3.42 from https://api.exchangerate-api.com/v4/latest/USD
2025-08-11 12:22:38,492 - INFO - Current USD/ILS rate: 3.42
2025-08-11 13:22:19,010 - INFO - Got rate 3.42 from https://api.exchangerate-api.com/v4/latest/USD
2025-08-11 13:22:19,019 - INFO - Current USD/ILS rate: 3.42
2025-08-11 13:22:39,037 - INFO - Got rate 3.42 from https://api.exchangerate-api.com/v4/latest/USD
2025-08-11 13:22:39,040 - INFO - Current USD/ILS rate: 3.42
2025-08-11 14:22:19,580 - INFO - Got rate 3.42 from https://api.exchangerate-api.com/v4/latest/USD
2025-08-11 14:22:19,587 - INFO - Current USD/ILS rate: 3.42
2025-08-11 14:22:39,570 - INFO - Got rate 3.42 from https://api.exchangerate-api.com/v4/latest/USD
2025-08-11 14:22:39,572 - INFO - Current USD/ILS rate: 3.42
2025-08-11 15:22:20,125 - INFO - Got rate 3.42 from https://api.exchangerate-api.com/v4/latest/USD
2025-08-11 15:22:20,130 - INFO - Current USD/ILS rate: 3.42
2025-08-11 15:22:40,112 - INFO - Got rate 3.42 from https://api.exchangerate-api.com/v4/latest/USD
2025-08-11 15:22:40,115 - INFO - Current USD/ILS rate: 3.42
2025-08-11 16:22:25,674 - INFO - Got rate 3.42 from https://api.exchangerate-api.com/v4/latest/USD
2025-08-11 16:22:25,680 - INFO - Current USD/ILS rate: 3.42
2025-08-11 16:22:40,655 - INFO - Got rate 3.42 from https://api.exchangerate-api.com/v4/latest/USD
2025-08-11 16:22:40,658 - INFO - Current USD/ILS rate: 3.42
2025-08-11 17:22:26,220 - INFO - Got rate 3.42 from https://api.exchangerate-api.com/v4/latest/USD
2025-08-11 17:22:26,228 - INFO - Current USD/ILS rate: 3.42
2025-08-11 17:22:41,199 - INFO - Got rate 3.42 from https://api.exchangerate-api.com/v4/latest/USD
2025-08-11 17:22:41,202 - INFO - Current USD/ILS rate: 3.42
