0 verbose cli /root/.nvm/versions/node/v22.18.0/bin/node /root/.nvm/versions/node/v22.18.0/bin/npm
1 info using npm@10.9.3
2 info using node@v22.18.0
3 silly config load:file:/root/.nvm/versions/node/v22.18.0/lib/node_modules/npm/npmrc
4 silly config load:file:/root/.npmrc
5 silly config load:file:/root/.nvm/versions/node/v22.18.0/etc/npmrc
6 verbose title npm install
7 verbose argv "install"
8 verbose logfile logs-max:10 dir:/root/.npm/_logs/2025-08-11T15_25_52_165Z-
9 verbose logfile /root/.npm/_logs/2025-08-11T15_25_52_165Z-debug-0.log
10 silly logfile start cleaning logs, removing 1 files
11 silly logfile done cleaning log files
12 silly packumentCache heap:2197815296 maxSize:549453824 maxEntrySize:274726912
13 silly idealTree buildDeps
14 silly reify mark retired [ '/root/node_modules/@emnapi/core' ]
15 silly reify mark retired [ '/root/node_modules/@emnapi/runtime' ]
16 silly reify mark retired [ '/root/node_modules/@emnapi/wasi-threads' ]
17 silly reify mark retired [ '/root/node_modules/@napi-rs/wasm-runtime' ]
18 silly reify mark retired [ '/root/node_modules/@tybys/wasm-util' ]
19 silly reify moves {
19 silly reify   '/root/node_modules/@emnapi/core': '/root/node_modules/@emnapi/.core-Pivg1MTY',
19 silly reify   '/root/node_modules/@emnapi/runtime': '/root/node_modules/@emnapi/.runtime-KycGfu21',
19 silly reify   '/root/node_modules/@emnapi/wasi-threads': '/root/node_modules/@emnapi/.wasi-threads-Zy5ZiiQU',
19 silly reify   '/root/node_modules/@napi-rs/wasm-runtime': '/root/node_modules/@napi-rs/.wasm-runtime-GlBHf8Iz',
19 silly reify   '/root/node_modules/@tybys/wasm-util': '/root/node_modules/@tybys/.wasm-util-kvYBbsE1'
19 silly reify }
20 silly audit bulk request {
20 silly audit   '@alloc/quick-lru': [ '5.2.0' ],
20 silly audit   '@ampproject/remapping': [ '2.3.0' ],
20 silly audit   '@eslint-community/eslint-utils': [ '4.7.0' ],
20 silly audit   'eslint-visitor-keys': [ '3.4.3', '4.2.1' ],
20 silly audit   '@eslint-community/regexpp': [ '4.12.1' ],
20 silly audit   '@eslint/config-array': [ '0.21.0' ],
20 silly audit   '@eslint/config-helpers': [ '0.3.1' ],
20 silly audit   '@eslint/core': [ '0.15.2' ],
20 silly audit   '@eslint/eslintrc': [ '3.3.1' ],
20 silly audit   '@eslint/js': [ '9.33.0' ],
20 silly audit   '@eslint/object-schema': [ '2.1.6' ],
20 silly audit   '@eslint/plugin-kit': [ '0.3.5' ],
20 silly audit   '@humanfs/core': [ '0.19.1' ],
20 silly audit   '@humanfs/node': [ '0.16.6' ],
20 silly audit   '@humanwhocodes/retry': [ '0.3.1', '0.4.3' ],
20 silly audit   '@humanwhocodes/module-importer': [ '1.0.1' ],
20 silly audit   '@img/sharp-libvips-linux-x64': [ '1.2.0' ],
20 silly audit   '@img/sharp-libvips-linuxmusl-x64': [ '1.2.0' ],
20 silly audit   '@img/sharp-linux-x64': [ '0.34.3' ],
20 silly audit   '@img/sharp-linuxmusl-x64': [ '0.34.3' ],
20 silly audit   '@isaacs/fs-minipass': [ '4.0.1' ],
20 silly audit   '@jridgewell/gen-mapping': [ '0.3.12' ],
20 silly audit   '@jridgewell/resolve-uri': [ '3.1.2' ],
20 silly audit   '@jridgewell/sourcemap-codec': [ '1.5.4' ],
20 silly audit   '@jridgewell/trace-mapping': [ '0.3.29' ],
20 silly audit   '@next/env': [ '15.4.6' ],
20 silly audit   '@next/eslint-plugin-next': [ '15.4.6' ],
20 silly audit   '@next/swc-darwin-arm64': [ '15.4.6' ],
20 silly audit   '@next/swc-darwin-x64': [ '15.4.6' ],
20 silly audit   '@next/swc-linux-arm64-gnu': [ '15.4.6' ],
20 silly audit   '@next/swc-linux-arm64-musl': [ '15.4.6' ],
20 silly audit   '@next/swc-linux-x64-gnu': [ '15.4.6' ],
20 silly audit   '@next/swc-linux-x64-musl': [ '15.4.6' ],
20 silly audit   '@next/swc-win32-arm64-msvc': [ '15.4.6' ],
20 silly audit   '@next/swc-win32-x64-msvc': [ '15.4.6' ],
20 silly audit   '@nodelib/fs.scandir': [ '2.1.5' ],
20 silly audit   '@nodelib/fs.stat': [ '2.0.5' ],
20 silly audit   '@nodelib/fs.walk': [ '1.2.8' ],
20 silly audit   '@nolyfill/is-core-module': [ '1.0.39' ],
20 silly audit   '@rtsao/scc': [ '1.1.0' ],
20 silly audit   '@rushstack/eslint-patch': [ '1.12.0' ],
20 silly audit   '@swc/helpers': [ '0.5.15' ],
20 silly audit   '@tailwindcss/node': [ '4.1.11' ],
20 silly audit   '@tailwindcss/oxide': [ '4.1.11' ],
20 silly audit   '@tailwindcss/oxide-linux-x64-gnu': [ '4.1.11' ],
20 silly audit   '@tailwindcss/oxide-linux-x64-musl': [ '4.1.11' ],
20 silly audit   '@tailwindcss/postcss': [ '4.1.11' ],
20 silly audit   '@types/estree': [ '1.0.8' ],
20 silly audit   '@types/json-schema': [ '7.0.15' ],
20 silly audit   '@types/json5': [ '0.0.29' ],
20 silly audit   '@types/node': [ '20.19.10' ],
20 silly audit   '@types/react': [ '19.1.9' ],
20 silly audit   '@types/react-dom': [ '19.1.7' ],
20 silly audit   '@typescript-eslint/eslint-plugin': [ '8.39.0' ],
20 silly audit   ignore: [ '7.0.5', '5.3.2' ],
20 silly audit   '@typescript-eslint/parser': [ '8.39.0' ],
20 silly audit   '@typescript-eslint/project-service': [ '8.39.0' ],
20 silly audit   '@typescript-eslint/scope-manager': [ '8.39.0' ],
20 silly audit   '@typescript-eslint/tsconfig-utils': [ '8.39.0' ],
20 silly audit   '@typescript-eslint/type-utils': [ '8.39.0' ],
20 silly audit   '@typescript-eslint/types': [ '8.39.0' ],
20 silly audit   '@typescript-eslint/typescript-estree': [ '8.39.0' ],
20 silly audit   'brace-expansion': [ '2.0.2', '1.1.12' ],
20 silly audit   'fast-glob': [ '3.3.3', '3.3.1' ],
20 silly audit   'glob-parent': [ '5.1.2', '6.0.2' ],
20 silly audit   minimatch: [ '9.0.5', '3.1.2' ],
20 silly audit   '@typescript-eslint/utils': [ '8.39.0' ],
20 silly audit   '@typescript-eslint/visitor-keys': [ '8.39.0' ],
20 silly audit   '@unrs/resolver-binding-linux-x64-gnu': [ '1.11.1' ],
20 silly audit   '@unrs/resolver-binding-linux-x64-musl': [ '1.11.1' ],
20 silly audit   acorn: [ '8.15.0' ],
20 silly audit   'acorn-jsx': [ '5.3.2' ],
20 silly audit   ajv: [ '6.12.6' ],
20 silly audit   'ansi-styles': [ '4.3.0' ],
20 silly audit   argparse: [ '2.0.1' ],
20 silly audit   'aria-query': [ '5.3.2' ],
20 silly audit   'array-buffer-byte-length': [ '1.0.2' ],
20 silly audit   'array-includes': [ '3.1.9' ],
20 silly audit   'array.prototype.findlast': [ '1.2.5' ],
20 silly audit   'array.prototype.findlastindex': [ '1.2.6' ],
20 silly audit   'array.prototype.flat': [ '1.3.3' ],
20 silly audit   'array.prototype.flatmap': [ '1.3.3' ],
20 silly audit   'array.prototype.tosorted': [ '1.1.4' ],
20 silly audit   'arraybuffer.prototype.slice': [ '1.0.4' ],
20 silly audit   'ast-types-flow': [ '0.0.8' ],
20 silly audit   'async-function': [ '1.0.0' ],
20 silly audit   'available-typed-arrays': [ '1.0.7' ],
20 silly audit   'axe-core': [ '4.10.3' ],
20 silly audit   'axobject-query': [ '4.1.0' ],
20 silly audit   'balanced-match': [ '1.0.2' ],
20 silly audit   braces: [ '3.0.3' ],
20 silly audit   'call-bind': [ '1.0.8' ],
20 silly audit   'call-bind-apply-helpers': [ '1.0.2' ],
20 silly audit   'call-bound': [ '1.0.4' ],
20 silly audit   callsites: [ '3.1.0' ],
20 silly audit   'caniuse-lite': [ '1.0.30001734' ],
20 silly audit   chalk: [ '4.1.2' ],
20 silly audit   chownr: [ '3.0.0' ],
20 silly audit   'class-variance-authority': [ '0.7.1' ],
20 silly audit   'client-only': [ '0.0.1' ],
20 silly audit   clsx: [ '2.1.1' ],
20 silly audit   color: [ '4.2.3' ],
20 silly audit   'color-convert': [ '2.0.1' ],
20 silly audit   'color-name': [ '1.1.4' ],
20 silly audit   'color-string': [ '1.9.1' ],
20 silly audit   'concat-map': [ '0.0.1' ],
20 silly audit   'cross-spawn': [ '7.0.6' ],
20 silly audit   csstype: [ '3.1.3' ],
20 silly audit   'damerau-levenshtein': [ '1.0.8' ],
20 silly audit   'data-view-buffer': [ '1.0.2' ],
20 silly audit   'data-view-byte-length': [ '1.0.2' ],
20 silly audit   'data-view-byte-offset': [ '1.0.1' ],
20 silly audit   'date-fns': [ '4.1.0' ],
20 silly audit   debug: [ '4.4.1', '3.2.7' ],
20 silly audit   'deep-is': [ '0.1.4' ],
20 silly audit   'define-data-property': [ '1.1.4' ],
20 silly audit   'define-properties': [ '1.2.1' ],
20 silly audit   'detect-libc': [ '2.0.4' ],
20 silly audit   doctrine: [ '2.1.0' ],
20 silly audit   'dunder-proto': [ '1.0.1' ],
20 silly audit   'emoji-regex': [ '9.2.2' ],
20 silly audit   'enhanced-resolve': [ '5.18.3' ],
20 silly audit   'es-abstract': [ '1.24.0' ],
20 silly audit   'es-define-property': [ '1.0.1' ],
20 silly audit   'es-errors': [ '1.3.0' ],
20 silly audit   'es-iterator-helpers': [ '1.2.1' ],
20 silly audit   'es-object-atoms': [ '1.1.1' ],
20 silly audit   'es-set-tostringtag': [ '2.1.0' ],
20 silly audit   'es-shim-unscopables': [ '1.1.0' ],
20 silly audit   'es-to-primitive': [ '1.3.0' ],
20 silly audit   'escape-string-regexp': [ '4.0.0' ],
20 silly audit   eslint: [ '9.33.0' ],
20 silly audit   'eslint-config-next': [ '15.4.6' ],
20 silly audit   'eslint-import-resolver-node': [ '0.3.9' ],
20 silly audit   'eslint-import-resolver-typescript': [ '3.10.1' ],
20 silly audit   'eslint-module-utils': [ '2.12.1' ],
20 silly audit   'eslint-plugin-import': [ '2.32.0' ],
20 silly audit   semver: [ '6.3.1', '7.7.2' ],
20 silly audit   'eslint-plugin-jsx-a11y': [ '6.10.2' ],
20 silly audit   'eslint-plugin-react': [ '7.37.5' ],
20 silly audit   'eslint-plugin-react-hooks': [ '5.2.0' ],
20 silly audit   resolve: [ '2.0.0-next.5', '1.22.10' ],
20 silly audit   'eslint-scope': [ '8.4.0' ],
20 silly audit   espree: [ '10.4.0' ],
20 silly audit   esquery: [ '1.6.0' ],
20 silly audit   esrecurse: [ '4.3.0' ],
20 silly audit   estraverse: [ '5.3.0' ],
20 silly audit   esutils: [ '2.0.3' ],
20 silly audit   'fast-deep-equal': [ '3.1.3' ],
20 silly audit   'fast-json-stable-stringify': [ '2.1.0' ],
20 silly audit   'fast-levenshtein': [ '2.0.6' ],
20 silly audit   fastq: [ '1.19.1' ],
20 silly audit   'file-entry-cache': [ '8.0.0' ],
20 silly audit   'fill-range': [ '7.1.1' ],
20 silly audit   'find-up': [ '5.0.0' ],
20 silly audit   'flat-cache': [ '4.0.1' ],
20 silly audit   flatted: [ '3.3.3' ],
20 silly audit   'for-each': [ '0.3.5' ],
20 silly audit   'function-bind': [ '1.1.2' ],
20 silly audit   'function.prototype.name': [ '1.1.8' ],
20 silly audit   'functions-have-names': [ '1.2.3' ],
20 silly audit   'get-intrinsic': [ '1.3.0' ],
20 silly audit   'get-proto': [ '1.0.1' ],
20 silly audit   'get-symbol-description': [ '1.1.0' ],
20 silly audit   'get-tsconfig': [ '4.10.1' ],
20 silly audit   globals: [ '14.0.0' ],
20 silly audit   globalthis: [ '1.0.4' ],
20 silly audit   gopd: [ '1.2.0' ],
20 silly audit   'graceful-fs': [ '4.2.11' ],
20 silly audit   graphemer: [ '1.4.0' ],
20 silly audit   'has-bigints': [ '1.1.0' ],
20 silly audit   'has-flag': [ '4.0.0' ],
20 silly audit   'has-property-descriptors': [ '1.0.2' ],
20 silly audit   'has-proto': [ '1.2.0' ],
20 silly audit   'has-symbols': [ '1.1.0' ],
20 silly audit   'has-tostringtag': [ '1.0.2' ],
20 silly audit   hasown: [ '2.0.2' ],
20 silly audit   'import-fresh': [ '3.3.1' ],
20 silly audit   imurmurhash: [ '0.1.4' ],
20 silly audit   'internal-slot': [ '1.1.0' ],
20 silly audit   'is-array-buffer': [ '3.0.5' ],
20 silly audit   'is-arrayish': [ '0.3.2' ],
20 silly audit   'is-async-function': [ '2.1.1' ],
20 silly audit   'is-bigint': [ '1.1.0' ],
20 silly audit   'is-boolean-object': [ '1.2.2' ],
20 silly audit   'is-bun-module': [ '2.0.0' ],
20 silly audit   'is-callable': [ '1.2.7' ],
20 silly audit   'is-core-module': [ '2.16.1' ],
20 silly audit   'is-data-view': [ '1.0.2' ],
20 silly audit   'is-date-object': [ '1.1.0' ],
20 silly audit   'is-extglob': [ '2.1.1' ],
20 silly audit   'is-finalizationregistry': [ '1.1.1' ],
20 silly audit   'is-generator-function': [ '1.1.0' ],
20 silly audit   'is-glob': [ '4.0.3' ],
20 silly audit   'is-map': [ '2.0.3' ],
20 silly audit   'is-negative-zero': [ '2.0.3' ],
20 silly audit   'is-number': [ '7.0.0' ],
20 silly audit   'is-number-object': [ '1.1.1' ],
20 silly audit   'is-regex': [ '1.2.1' ],
20 silly audit   'is-set': [ '2.0.3' ],
20 silly audit   'is-shared-array-buffer': [ '1.0.4' ],
20 silly audit   'is-string': [ '1.1.1' ],
20 silly audit   'is-symbol': [ '1.1.1' ],
20 silly audit   'is-typed-array': [ '1.1.15' ],
20 silly audit   'is-weakmap': [ '2.0.2' ],
20 silly audit   'is-weakref': [ '1.1.1' ],
20 silly audit   'is-weakset': [ '2.0.4' ],
20 silly audit   isarray: [ '2.0.5' ],
20 silly audit   isexe: [ '2.0.0' ],
20 silly audit   'iterator.prototype': [ '1.1.5' ],
20 silly audit   jiti: [ '2.5.1' ],
20 silly audit   'js-tokens': [ '4.0.0' ],
20 silly audit   'js-yaml': [ '4.1.0' ],
20 silly audit   'json-buffer': [ '3.0.1' ],
20 silly audit   'json-schema-traverse': [ '0.4.1' ],
20 silly audit   'json-stable-stringify-without-jsonify': [ '1.0.1' ],
20 silly audit   json5: [ '1.0.2' ],
20 silly audit   'jsx-ast-utils': [ '3.3.5' ],
20 silly audit   keyv: [ '4.5.4' ],
20 silly audit   'language-subtag-registry': [ '0.3.23' ],
20 silly audit   'language-tags': [ '1.0.9' ],
20 silly audit   levn: [ '0.4.1' ],
20 silly audit   lightningcss: [ '1.30.1' ],
20 silly audit   'lightningcss-linux-x64-gnu': [ '1.30.1' ],
20 silly audit   'lightningcss-linux-x64-musl': [ '1.30.1' ],
20 silly audit   'locate-path': [ '6.0.0' ],
20 silly audit   'lodash.merge': [ '4.6.2' ],
20 silly audit   'loose-envify': [ '1.4.0' ],
20 silly audit   'lucide-react': [ '0.539.0' ],
20 silly audit   'magic-string': [ '0.30.17' ],
20 silly audit   'math-intrinsics': [ '1.1.0' ],
20 silly audit   merge2: [ '1.4.1' ],
20 silly audit   micromatch: [ '4.0.8' ],
20 silly audit   minimist: [ '1.2.8' ],
20 silly audit   minipass: [ '7.1.2' ],
20 silly audit   minizlib: [ '3.0.2' ],
20 silly audit   mkdirp: [ '3.0.1' ],
20 silly audit   ms: [ '2.1.3' ],
20 silly audit   nanoid: [ '3.3.11' ],
20 silly audit   'napi-postinstall': [ '0.3.3' ],
20 silly audit   'natural-compare': [ '1.4.0' ],
20 silly audit   next: [ '15.4.6' ],
20 silly audit   postcss: [ '8.4.31', '8.5.6' ],
20 silly audit   'object-assign': [ '4.1.1' ],
20 silly audit   'object-inspect': [ '1.13.4' ],
20 silly audit   'object-keys': [ '1.1.1' ],
20 silly audit   'object.assign': [ '4.1.7' ],
20 silly audit   'object.entries': [ '1.1.9' ],
20 silly audit   'object.fromentries': [ '2.0.8' ],
20 silly audit   'object.groupby': [ '1.0.3' ],
20 silly audit   'object.values': [ '1.2.1' ],
20 silly audit   optionator: [ '0.9.4' ],
20 silly audit   'own-keys': [ '1.0.1' ],
20 silly audit   'p-limit': [ '3.1.0' ],
20 silly audit   'p-locate': [ '5.0.0' ],
20 silly audit   'parent-module': [ '1.0.1' ],
20 silly audit   'path-exists': [ '4.0.0' ],
20 silly audit   'path-key': [ '3.1.1' ],
20 silly audit   'path-parse': [ '1.0.7' ],
20 silly audit   picocolors: [ '1.1.1' ],
20 silly audit   picomatch: [ '2.3.1', '4.0.3' ],
20 silly audit   'possible-typed-array-names': [ '1.1.0' ],
20 silly audit   'prelude-ls': [ '1.2.1' ],
20 silly audit   'prop-types': [ '15.8.1' ],
20 silly audit   punycode: [ '2.3.1' ],
20 silly audit   'queue-microtask': [ '1.2.3' ],
20 silly audit   react: [ '19.1.0' ],
20 silly audit   'react-dom': [ '19.1.0' ],
20 silly audit   'react-is': [ '16.13.1' ],
20 silly audit   'reflect.getprototypeof': [ '1.0.10' ],
20 silly audit   'regexp.prototype.flags': [ '1.5.4' ],
20 silly audit   'resolve-from': [ '4.0.0' ],
20 silly audit   'resolve-pkg-maps': [ '1.0.0' ],
20 silly audit   reusify: [ '1.1.0' ],
20 silly audit   'run-parallel': [ '1.2.0' ],
20 silly audit   'safe-array-concat': [ '1.1.3' ],
20 silly audit   'safe-push-apply': [ '1.0.0' ],
20 silly audit   'safe-regex-test': [ '1.1.0' ],
20 silly audit   scheduler: [ '0.26.0' ],
20 silly audit   'set-function-length': [ '1.2.2' ],
20 silly audit   'set-function-name': [ '2.0.2' ],
20 silly audit   'set-proto': [ '1.0.0' ],
20 silly audit   sharp: [ '0.34.3' ],
20 silly audit   'shebang-command': [ '2.0.0' ],
20 silly audit   'shebang-regex': [ '3.0.0' ],
20 silly audit   'side-channel': [ '1.1.0' ],
20 silly audit   'side-channel-list': [ '1.0.0' ],
20 silly audit   'side-channel-map': [ '1.0.1' ],
20 silly audit   'side-channel-weakmap': [ '1.0.2' ],
20 silly audit   'simple-swizzle': [ '0.2.2' ],
20 silly audit   'source-map-js': [ '1.2.1' ],
20 silly audit   'stable-hash': [ '0.0.5' ],
20 silly audit   'stop-iteration-iterator': [ '1.1.0' ],
20 silly audit   'string.prototype.includes': [ '2.0.1' ],
20 silly audit   'string.prototype.matchall': [ '4.0.12' ],
20 silly audit   'string.prototype.repeat': [ '1.0.0' ],
20 silly audit   'string.prototype.trim': [ '1.2.10' ],
20 silly audit   'string.prototype.trimend': [ '1.0.9' ],
20 silly audit   'string.prototype.trimstart': [ '1.0.8' ],
20 silly audit   'strip-bom': [ '3.0.0' ],
20 silly audit   'strip-json-comments': [ '3.1.1' ],
20 silly audit   'styled-jsx': [ '5.1.6' ],
20 silly audit   'supports-color': [ '7.2.0' ],
20 silly audit   'supports-preserve-symlinks-flag': [ '1.0.0' ],
20 silly audit   tailwindcss: [ '4.1.11' ],
20 silly audit   tapable: [ '2.2.2' ],
20 silly audit   tar: [ '7.4.3' ],
20 silly audit   tinyglobby: [ '0.2.14' ],
20 silly audit   fdir: [ '6.4.6' ],
20 silly audit   'to-regex-range': [ '5.0.1' ],
20 silly audit   'ts-api-utils': [ '2.1.0' ],
20 silly audit   'tsconfig-paths': [ '3.15.0' ],
20 silly audit   tslib: [ '2.8.1' ],
20 silly audit   'type-check': [ '0.4.0' ],
20 silly audit   'typed-array-buffer': [ '1.0.3' ],
20 silly audit   'typed-array-byte-length': [ '1.0.3' ],
20 silly audit   'typed-array-byte-offset': [ '1.0.4' ],
20 silly audit   'typed-array-length': [ '1.0.7' ],
20 silly audit   typescript: [ '5.9.2' ],
20 silly audit   'unbox-primitive': [ '1.1.0' ],
20 silly audit   'undici-types': [ '6.21.0' ],
20 silly audit   'unrs-resolver': [ '1.11.1' ],
20 silly audit   'uri-js': [ '4.4.1' ],
20 silly audit   which: [ '2.0.2' ],
20 silly audit   'which-boxed-primitive': [ '1.1.1' ],
20 silly audit   'which-builtin-type': [ '1.2.1' ],
20 silly audit   'which-collection': [ '1.0.2' ],
20 silly audit   'which-typed-array': [ '1.1.19' ],
20 silly audit   'word-wrap': [ '1.2.5' ],
20 silly audit   yallist: [ '5.0.0' ],
20 silly audit   'yocto-queue': [ '0.1.0' ]
20 silly audit }
21 verbose reify failed optional dependency /root/node_modules/@next/swc-win32-x64-msvc
22 silly reify mark deleted [ '/root/node_modules/@next/swc-win32-x64-msvc' ]
23 verbose reify failed optional dependency /root/node_modules/@next/swc-win32-arm64-msvc
24 silly reify mark deleted [ '/root/node_modules/@next/swc-win32-arm64-msvc' ]
25 verbose reify failed optional dependency /root/node_modules/@next/swc-linux-arm64-musl
26 silly reify mark deleted [ '/root/node_modules/@next/swc-linux-arm64-musl' ]
27 verbose reify failed optional dependency /root/node_modules/@next/swc-linux-arm64-gnu
28 silly reify mark deleted [ '/root/node_modules/@next/swc-linux-arm64-gnu' ]
29 verbose reify failed optional dependency /root/node_modules/@next/swc-darwin-x64
30 silly reify mark deleted [ '/root/node_modules/@next/swc-darwin-x64' ]
31 verbose reify failed optional dependency /root/node_modules/@next/swc-darwin-arm64
32 silly reify mark deleted [ '/root/node_modules/@next/swc-darwin-arm64' ]
33 http cache lightningcss-linux-x64-musl@https://registry.npmjs.org/lightningcss-linux-x64-musl/-/lightningcss-linux-x64-musl-1.30.1.tgz 1ms (cache hit)
34 http cache lucide-react@https://registry.npmjs.org/lucide-react/-/lucide-react-0.539.0.tgz 0ms (cache hit)
35 http cache date-fns@https://registry.npmjs.org/date-fns/-/date-fns-4.1.0.tgz 0ms (cache hit)
36 http cache clsx@https://registry.npmjs.org/clsx/-/clsx-2.1.1.tgz 0ms (cache hit)
37 http cache class-variance-authority@https://registry.npmjs.org/class-variance-authority/-/class-variance-authority-0.7.1.tgz 0ms (cache hit)
38 http cache @unrs/resolver-binding-linux-x64-musl@https://registry.npmjs.org/@unrs/resolver-binding-linux-x64-musl/-/resolver-binding-linux-x64-musl-1.11.1.tgz 0ms (cache hit)
39 http cache @tailwindcss/oxide-linux-x64-musl@https://registry.npmjs.org/@tailwindcss/oxide-linux-x64-musl/-/oxide-linux-x64-musl-4.1.11.tgz 0ms (cache hit)
40 http cache @next/swc-linux-x64-musl@https://registry.npmjs.org/@next/swc-linux-x64-musl/-/swc-linux-x64-musl-15.4.6.tgz 0ms (cache hit)
41 http cache @img/sharp-linuxmusl-x64@https://registry.npmjs.org/@img/sharp-linuxmusl-x64/-/sharp-linuxmusl-x64-0.34.3.tgz 0ms (cache hit)
42 http cache @img/sharp-libvips-linuxmusl-x64@https://registry.npmjs.org/@img/sharp-libvips-linuxmusl-x64/-/sharp-libvips-linuxmusl-x64-1.2.0.tgz 0ms (cache hit)
43 http fetch POST 200 https://registry.npmjs.org/-/npm/v1/security/advisories/bulk 2286ms
44 silly audit report {}
45 silly ADD node_modules/lucide-react
46 silly ADD node_modules/lightningcss-linux-x64-musl
47 silly ADD node_modules/date-fns
48 silly ADD node_modules/clsx
49 silly ADD node_modules/class-variance-authority
50 silly ADD node_modules/@unrs/resolver-binding-linux-x64-musl
51 silly ADD node_modules/@tailwindcss/oxide-linux-x64-musl
52 silly ADD
53 silly ADD
54 silly ADD node_modules/@next/swc-linux-x64-musl
55 silly ADD
56 silly ADD
57 silly ADD
58 silly ADD
59 silly ADD node_modules/@img/sharp-linuxmusl-x64
60 silly ADD node_modules/@img/sharp-libvips-linuxmusl-x64
61 silly REMOVE node_modules/@tybys/wasm-util
62 silly REMOVE node_modules/@napi-rs/wasm-runtime
63 silly REMOVE node_modules/@emnapi/wasi-threads
64 silly REMOVE node_modules/@emnapi/runtime
65 silly REMOVE node_modules/@emnapi/core
66 verbose cwd /root
67 verbose os Linux 6.8.0-71-generic
68 verbose node v22.18.0
69 verbose npm  v10.9.3
70 verbose exit 0
71 info ok
